<?xml version="1.0" encoding="UTF-8"?>
<testng-results ignored="0" total="1" passed="1" failed="0" skipped="0">
  <reporter-output>
  </reporter-output>
  <suite started-at="2023-08-05T01:14:21 IST" name="Default suite" finished-at="2023-08-05T01:14:30 IST" duration-ms="9725">
    <groups>
    </groups>
    <test started-at="2023-08-05T01:14:21 IST" name="Default test" finished-at="2023-08-05T01:14:30 IST" duration-ms="9725">
      <class name="Scripts.Testcase1">
        <test-method is-config="true" signature="openApp()[pri:0, instance:Scripts.Testcase1@4550bb58]" started-at="2023-08-05T01:14:21 IST" name="openApp" finished-at="2023-08-05T01:14:26 IST" duration-ms="5716" status="PASS">
          <reporter-output>
          </reporter-output>
        </test-method> <!-- openApp -->
        <test-method signature="tc1()[pri:0, instance:Scripts.Testcase1@4550bb58]" started-at="2023-08-05T01:14:26 IST" name="tc1" finished-at="2023-08-05T01:14:30 IST" duration-ms="3484" status="PASS">
          <reporter-output>
          </reporter-output>
        </test-method> <!-- tc1 -->
        <test-method is-config="true" signature="closeApp(org.testng.ITestResult)[pri:0, instance:Scripts.Testcase1@4550bb58]" started-at="2023-08-05T01:14:30 IST" name="closeApp" finished-at="2023-08-05T01:14:30 IST" duration-ms="458" status="PASS">
          <params>
            <param index="0">
              <value>
                <![CDATA[[TestResult name=tc1 status=SUCCESS method=Testcase1.tc1()[pri:0, instance:Scripts.Testcase1@4550bb58] output={null}]]]>
              </value>
            </param>
          </params>
          <reporter-output>
          </reporter-output>
        </test-method> <!-- closeApp -->
      </class> <!-- Scripts.Testcase1 -->
    </test> <!-- Default test -->
  </suite> <!-- Default suite -->
</testng-results>
